<?xml version="1.0" encoding="UTF-8"?>
<!-- Generated by org.testng.reporters.JUnitReportReporter -->
<testsuite hostname="Manul-W" failures="0" tests="3" name="framework.testCases.TC_LoginTest_01" time="10.602" errors="0" timestamp="2021-07-15T05:51:39 IST" skipped="0">
  <testcase classname="framework.testCases.TC_LoginTest_01" name="loginTest" time="3.515"/>
  <system-out/>
  <testcase classname="framework.testCases.TC_LoginTest_01" name="loginTest" time="3.300"/>
  <system-out/>
  <testcase classname="framework.testCases.TC_LoginTest_01" name="loginTest" time="3.787"/>
  <system-out/>
</testsuite> <!-- framework.testCases.TC_LoginTest_01 -->
