<?xml version="1.0" encoding="UTF-8"?>
<!-- Generated by org.testng.reporters.JUnitReportReporter -->
<testsuite hostname="Manul-W" failures="0" tests="1" name="eBanking.TestCase.TC_LoginTest_01" time="5.943" errors="0" timestamp="2021-07-04T07:09:11 IST" skipped="0">
  <testcase classname="eBanking.TestCase.TC_LoginTest_01" name="loginTest" time="5.943"/>
  <system-out/>
</testsuite> <!-- eBanking.TestCase.TC_LoginTest_01 -->
