<?xml version="1.0" encoding="UTF-8"?>
<!-- Generated by org.testng.reporters.JUnitReportReporter -->
<testsuite hostname="Manul-W" failures="0" tests="1" name="framework.testCases.TC_AddCustomerTest_03" time="64.283" errors="0" timestamp="2021-07-15T19:42:01 IST" skipped="0">
  <testcase classname="framework.testCases.TC_AddCustomerTest_03" name="addNewCustomer" time="64.283"/>
  <system-out/>
</testsuite> <!-- framework.testCases.TC_AddCustomerTest_03 -->
