<?xml version="1.0" encoding="UTF-8"?>
<!-- Generated by org.testng.reporters.JUnitReportReporter -->
<testsuite hostname="Manul-W" failures="0" tests="1" name="eBanking.testCases.TC_AddCustomerTest_03" time="17.243" errors="0" timestamp="2021-07-11T11:55:39 IST" skipped="0">
  <testcase classname="eBanking.testCases.TC_AddCustomerTest_03" name="addNewCustomer" time="17.243"/>
  <system-out/>
</testsuite> <!-- eBanking.testCases.TC_AddCustomerTest_03 -->
