<?xml version="1.0" encoding="UTF-8"?>
<!-- Generated by org.testng.reporters.JUnitReportReporter -->
<testsuite hostname="Manul-W" failures="0" tests="1" name="eBanking.testCases.TC_LoginTest_01" time="2.042" errors="0" timestamp="2021-07-07T05:22:10 IST" skipped="0">
  <testcase classname="eBanking.testCases.TC_LoginTest_01" name="loginTest" time="2.042"/>
  <system-out/>
</testsuite> <!-- eBanking.testCases.TC_LoginTest_01 -->
