<?xml version="1.0" encoding="UTF-8"?>
<!-- Generated by org.testng.reporters.JUnitReportReporter -->
<testsuite hostname="Manul-W" failures="0" tests="1" name="eBanking.TestCase.TC_LoginTest_01" time="5.005" errors="0" timestamp="2021-07-04T04:27:10 IST" skipped="0">
  <testcase classname="eBanking.TestCase.TC_LoginTest_01" name="loginTest" time="5.005"/>
  <system-out/>
</testsuite> <!-- eBanking.TestCase.TC_LoginTest_01 -->
