<?xml version="1.0" encoding="UTF-8"?>
<!-- Generated by org.testng.reporters.JUnitReportReporter -->
<testsuite hostname="Manul-W" failures="0" tests="3" name="eBanking.testCases.TC_LoginTest_01" time="6.347" errors="0" timestamp="2021-07-11T23:23:56 IST" skipped="0">
  <testcase classname="eBanking.testCases.TC_LoginTest_01" name="loginTest" time="2.152"/>
  <system-out/>
  <testcase classname="eBanking.testCases.TC_LoginTest_01" name="loginTest" time="2.310"/>
  <system-out/>
  <testcase classname="eBanking.testCases.TC_LoginTest_01" name="loginTest" time="1.885"/>
  <system-out/>
</testsuite> <!-- eBanking.testCases.TC_LoginTest_01 -->
